<?xml version="1.0" encoding="UTF-8"?>
<coverage generated="1572751907259" clover="3.2.0">
  <project timestamp="1572751907259" name="All files">
    <metrics statements="11" coveredstatements="11" conditionals="0" coveredconditionals="0" methods="1" coveredmethods="1" elements="12" coveredelements="12" complexity="0" loc="11" ncloc="11" packages="1" files="3" classes="3"/>
    <file name="goal.js" path="/Users/ollie/alchemy/career-track/career-code-challenges/revenue/goal.js">
      <metrics statements="1" coveredstatements="1" conditionals="0" coveredconditionals="0" methods="0" coveredmethods="0"/>
      <line num="1" count="1" type="stmt"/>
    </file>
    <file name="revenue.js" path="/Users/ollie/alchemy/career-track/career-code-challenges/revenue/revenue.js">
      <metrics statements="9" coveredstatements="9" conditionals="0" coveredconditionals="0" methods="1" coveredmethods="1"/>
      <line num="2" count="2" type="stmt"/>
      <line num="3" count="2" type="stmt"/>
      <line num="4" count="2" type="stmt"/>
      <line num="6" count="2" type="stmt"/>
      <line num="7" count="101" type="stmt"/>
      <line num="8" count="101" type="stmt"/>
      <line num="9" count="101" type="stmt"/>
      <line num="12" count="2" type="stmt"/>
      <line num="15" count="1" type="stmt"/>
    </file>
    <file name="transactions.js" path="/Users/ollie/alchemy/career-track/career-code-challenges/revenue/transactions.js">
      <metrics statements="1" coveredstatements="1" conditionals="0" coveredconditionals="0" methods="0" coveredmethods="0"/>
      <line num="1" count="1" type="stmt"/>
    </file>
  </project>
</coverage>
