<?xml version="1.0" encoding="UTF-8"?>
<coverage generated="1571872488234" clover="3.2.0">
  <project timestamp="1571872488234" name="All files">
    <metrics statements="15" coveredstatements="7" conditionals="4" coveredconditionals="2" methods="10" coveredmethods="3" elements="29" coveredelements="12" complexity="0" loc="15" ncloc="15" packages="1" files="1" classes="1"/>
    <file name="set.js" path="/Users/ollie/alchemy/career-track/career-code-challenges/set/set.js">
      <metrics statements="15" coveredstatements="7" conditionals="4" coveredconditionals="2" methods="10" coveredmethods="3"/>
      <line num="3" count="3" type="stmt"/>
      <line num="7" count="0" type="stmt"/>
      <line num="11" count="0" type="stmt"/>
      <line num="15" count="0" type="stmt"/>
      <line num="19" count="2" type="cond" truecount="1" falsecount="1"/>
      <line num="20" count="2" type="stmt"/>
      <line num="27" count="0" type="stmt"/>
      <line num="31" count="1" type="stmt"/>
      <line num="32" count="1" type="cond" truecount="1" falsecount="1"/>
      <line num="33" count="1" type="stmt"/>
      <line num="37" count="0" type="stmt"/>
      <line num="41" count="0" type="stmt"/>
      <line num="45" count="0" type="stmt"/>
      <line num="49" count="0" type="stmt"/>
      <line num="53" count="1" type="stmt"/>
    </file>
  </project>
</coverage>
