TN:
SF:/Users/ollie/alchemy/career-track/career-code-challenges/set/set.js
FN:2,(anonymous_0)
FN:6,(anonymous_1)
FN:10,(anonymous_2)
FN:24,(anonymous_3)
FN:42,(anonymous_4)
FN:54,(anonymous_5)
FN:62,(anonymous_6)
FN:72,(anonymous_7)
FN:76,(anonymous_8)
FN:80,(anonymous_9)
FNF:10
FNH:4
FNDA:3,(anonymous_0)
FNDA:0,(anonymous_1)
FNDA:1,(anonymous_2)
FNDA:0,(anonymous_3)
FNDA:12,(anonymous_4)
FNDA:0,(anonymous_5)
FNDA:12,(anonymous_6)
FNDA:0,(anonymous_7)
FNDA:0,(anonymous_8)
FNDA:0,(anonymous_9)
DA:3,3
DA:7,0
DA:11,1
DA:13,1
DA:14,3
DA:17,1
DA:18,3
DA:21,1
DA:25,0
DA:27,0
DA:28,0
DA:29,0
DA:33,0
DA:34,0
DA:35,0
DA:39,0
DA:43,12
DA:44,3
DA:47,12
DA:48,7
DA:51,12
DA:55,0
DA:56,0
DA:57,0
DA:63,12
DA:64,19
DA:65,5
DA:69,7
DA:73,0
DA:77,0
DA:81,0
DA:85,1
LF:32
LH:17
BRDA:28,0,0,0
BRDA:28,0,1,0
BRDA:34,1,0,0
BRDA:34,1,1,0
BRDA:43,2,0,3
BRDA:43,2,1,9
BRDA:47,3,0,7
BRDA:47,3,1,5
BRDA:56,4,0,0
BRDA:56,4,1,0
BRDA:64,5,0,5
BRDA:64,5,1,14
BRF:12
BRH:6
end_of_record
