TN:
SF:/Users/ollie/alchemy/career-track/career-code-challenges/set/set.js
FN:2,(anonymous_0)
FN:6,(anonymous_1)
FN:10,(anonymous_2)
FN:24,(anonymous_3)
FN:28,(anonymous_4)
FN:40,(anonymous_5)
FN:48,(anonymous_6)
FN:58,(anonymous_7)
FN:62,(anonymous_8)
FN:66,(anonymous_9)
FNF:10
FNH:5
FNDA:3,(anonymous_0)
FNDA:0,(anonymous_1)
FNDA:1,(anonymous_2)
FNDA:0,(anonymous_3)
FNDA:8,(anonymous_4)
FNDA:0,(anonymous_5)
FNDA:8,(anonymous_6)
FNDA:0,(anonymous_7)
FNDA:1,(anonymous_8)
FNDA:0,(anonymous_9)
DA:3,3
DA:7,0
DA:11,1
DA:13,1
DA:14,2
DA:17,1
DA:18,2
DA:21,1
DA:25,0
DA:29,8
DA:30,3
DA:33,8
DA:34,5
DA:37,8
DA:41,0
DA:42,0
DA:43,0
DA:49,8
DA:50,11
DA:51,3
DA:55,5
DA:59,0
DA:63,1
DA:67,0
DA:71,1
LF:25
LH:18
BRDA:29,0,0,3
BRDA:29,0,1,5
BRDA:33,1,0,5
BRDA:33,1,1,3
BRDA:42,2,0,0
BRDA:42,2,1,0
BRDA:50,3,0,3
BRDA:50,3,1,8
BRF:8
BRH:6
end_of_record
